{"C:\\Users\\harra\\Documents\\Coding\\Codecademy\\postgreSQL\\ecommerceRESTAPI\\Client\\Client\\src\\guestSlice.js": {"path":"C:\\Users\\harra\\Documents\\Coding\\Codecademy\\postgreSQL\\ecommerceRESTAPI\\Client\\Client\\src\\guestSlice.js","statementMap":{"0":{"start":{"line":4,"column":34},"end":{"line":37,"column":1}},"1":{"start":{"line":7,"column":8},"end":{"line":35,"column":9}},"2":{"start":{"line":9,"column":29},"end":{"line":9,"column":94}},"3":{"start":{"line":10,"column":33},"end":{"line":10,"column":54}},"4":{"start":{"line":12,"column":12},"end":{"line":16,"column":13}},"5":{"start":{"line":13,"column":16},"end":{"line":13,"column":41}},"6":{"start":{"line":15,"column":16},"end":{"line":15,"column":129}},"7":{"start":{"line":18,"column":12},"end":{"line":18,"column":82}},"8":{"start":{"line":18,"column":57},"end":{"line":18,"column":82}},"9":{"start":{"line":20,"column":12},"end":{"line":24,"column":13}},"10":{"start":{"line":22,"column":32},"end":{"line":22,"column":117}},"11":{"start":{"line":23,"column":16},"end":{"line":23,"column":35}},"12":{"start":{"line":26,"column":12},"end":{"line":28,"column":15}},"13":{"start":{"line":27,"column":16},"end":{"line":27,"column":163}},"14":{"start":{"line":30,"column":12},"end":{"line":30,"column":24}},"15":{"start":{"line":33,"column":12},"end":{"line":33,"column":35}},"16":{"start":{"line":34,"column":12},"end":{"line":34,"column":29}},"17":{"start":{"line":39,"column":19},"end":{"line":75,"column":2}},"18":{"start":{"line":49,"column":41},"end":{"line":49,"column":71}},"19":{"start":{"line":50,"column":45},"end":{"line":50,"column":79}},"20":{"start":{"line":52,"column":28},"end":{"line":52,"column":100}},"21":{"start":{"line":52,"column":62},"end":{"line":52,"column":99}},"22":{"start":{"line":53,"column":12},"end":{"line":53,"column":31}},"23":{"start":{"line":56,"column":28},"end":{"line":56,"column":100}},"24":{"start":{"line":56,"column":62},"end":{"line":56,"column":99}},"25":{"start":{"line":57,"column":12},"end":{"line":57,"column":31}},"26":{"start":{"line":62,"column":12},"end":{"line":62,"column":35}},"27":{"start":{"line":63,"column":12},"end":{"line":63,"column":36}},"28":{"start":{"line":66,"column":12},"end":{"line":66,"column":51}},"29":{"start":{"line":67,"column":12},"end":{"line":67,"column":36}},"30":{"start":{"line":68,"column":12},"end":{"line":68,"column":36}},"31":{"start":{"line":71,"column":12},"end":{"line":71,"column":36}},"32":{"start":{"line":72,"column":12},"end":{"line":72,"column":35}},"33":{"start":{"line":77,"column":31},"end":{"line":77,"column":63}},"34":{"start":{"line":77,"column":42},"end":{"line":77,"column":63}},"35":{"start":{"line":78,"column":31},"end":{"line":78,"column":63}},"36":{"start":{"line":78,"column":42},"end":{"line":78,"column":63}},"37":{"start":{"line":79,"column":29},"end":{"line":79,"column":59}},"38":{"start":{"line":79,"column":40},"end":{"line":79,"column":59}},"39":{"start":{"line":80,"column":33},"end":{"line":80,"column":67}},"40":{"start":{"line":80,"column":44},"end":{"line":80,"column":67}},"41":{"start":{"line":81,"column":37},"end":{"line":81,"column":75}},"42":{"start":{"line":81,"column":48},"end":{"line":81,"column":75}},"43":{"start":{"line":83,"column":103},"end":{"line":83,"column":121}}},"fnMap":{"0":{"name":"(anonymous_0)","decl":{"start":{"line":5,"column":42},"end":{"line":5,"column":43}},"loc":{"start":{"line":5,"column":79},"end":{"line":36,"column":5}},"line":5},"1":{"name":"(anonymous_1)","decl":{"start":{"line":26,"column":37},"end":{"line":26,"column":38}},"loc":{"start":{"line":26,"column":56},"end":{"line":28,"column":13}},"line":26},"2":{"name":"(anonymous_2)","decl":{"start":{"line":49,"column":20},"end":{"line":49,"column":21}},"loc":{"start":{"line":49,"column":39},"end":{"line":49,"column":73}},"line":49},"3":{"name":"(anonymous_3)","decl":{"start":{"line":50,"column":24},"end":{"line":50,"column":25}},"loc":{"start":{"line":50,"column":43},"end":{"line":50,"column":81}},"line":50},"4":{"name":"(anonymous_4)","decl":{"start":{"line":51,"column":37},"end":{"line":51,"column":38}},"loc":{"start":{"line":51,"column":56},"end":{"line":54,"column":9}},"line":51},"5":{"name":"(anonymous_5)","decl":{"start":{"line":52,"column":51},"end":{"line":52,"column":52}},"loc":{"start":{"line":52,"column":62},"end":{"line":52,"column":99}},"line":52},"6":{"name":"(anonymous_6)","decl":{"start":{"line":55,"column":37},"end":{"line":55,"column":38}},"loc":{"start":{"line":55,"column":56},"end":{"line":58,"column":9}},"line":55},"7":{"name":"(anonymous_7)","decl":{"start":{"line":56,"column":51},"end":{"line":56,"column":52}},"loc":{"start":{"line":56,"column":62},"end":{"line":56,"column":99}},"line":56},"8":{"name":"(anonymous_8)","decl":{"start":{"line":61,"column":38},"end":{"line":61,"column":39}},"loc":{"start":{"line":61,"column":57},"end":{"line":64,"column":9}},"line":61},"9":{"name":"(anonymous_9)","decl":{"start":{"line":65,"column":40},"end":{"line":65,"column":41}},"loc":{"start":{"line":65,"column":59},"end":{"line":69,"column":9}},"line":65},"10":{"name":"(anonymous_10)","decl":{"start":{"line":70,"column":39},"end":{"line":70,"column":40}},"loc":{"start":{"line":70,"column":58},"end":{"line":73,"column":9}},"line":70},"11":{"name":"(anonymous_11)","decl":{"start":{"line":77,"column":31},"end":{"line":77,"column":32}},"loc":{"start":{"line":77,"column":42},"end":{"line":77,"column":63}},"line":77},"12":{"name":"(anonymous_12)","decl":{"start":{"line":78,"column":31},"end":{"line":78,"column":32}},"loc":{"start":{"line":78,"column":42},"end":{"line":78,"column":63}},"line":78},"13":{"name":"(anonymous_13)","decl":{"start":{"line":79,"column":29},"end":{"line":79,"column":30}},"loc":{"start":{"line":79,"column":40},"end":{"line":79,"column":59}},"line":79},"14":{"name":"(anonymous_14)","decl":{"start":{"line":80,"column":33},"end":{"line":80,"column":34}},"loc":{"start":{"line":80,"column":44},"end":{"line":80,"column":67}},"line":80},"15":{"name":"(anonymous_15)","decl":{"start":{"line":81,"column":37},"end":{"line":81,"column":38}},"loc":{"start":{"line":81,"column":48},"end":{"line":81,"column":75}},"line":81}},"branchMap":{"0":{"loc":{"start":{"line":12,"column":12},"end":{"line":16,"column":13}},"type":"if","locations":[{"start":{"line":12,"column":12},"end":{"line":16,"column":13}},{"start":{},"end":{}}],"line":12},"1":{"loc":{"start":{"line":12,"column":16},"end":{"line":12,"column":55}},"type":"binary-expr","locations":[{"start":{"line":12,"column":16},"end":{"line":12,"column":28}},{"start":{"line":12,"column":32},"end":{"line":12,"column":55}}],"line":12},"2":{"loc":{"start":{"line":18,"column":12},"end":{"line":18,"column":82}},"type":"if","locations":[{"start":{"line":18,"column":12},"end":{"line":18,"column":82}},{"start":{},"end":{}}],"line":18},"3":{"loc":{"start":{"line":18,"column":15},"end":{"line":18,"column":55}},"type":"binary-expr","locations":[{"start":{"line":18,"column":15},"end":{"line":18,"column":27}},{"start":{"line":18,"column":31},"end":{"line":18,"column":55}}],"line":18},"4":{"loc":{"start":{"line":20,"column":12},"end":{"line":24,"column":13}},"type":"if","locations":[{"start":{"line":20,"column":12},"end":{"line":24,"column":13}},{"start":{},"end":{}}],"line":20}},"s":{"0":1,"1":0,"2":0,"3":0,"4":0,"5":0,"6":0,"7":0,"8":0,"9":0,"10":0,"11":0,"12":0,"13":0,"14":0,"15":0,"16":0,"17":1,"18":0,"19":0,"20":0,"21":0,"22":0,"23":0,"24":0,"25":0,"26":0,"27":0,"28":0,"29":0,"30":0,"31":0,"32":0,"33":1,"34":0,"35":1,"36":0,"37":1,"38":106,"39":1,"40":0,"41":1,"42":0,"43":1},"f":{"0":0,"1":0,"2":0,"3":0,"4":0,"5":0,"6":0,"7":0,"8":0,"9":0,"10":0,"11":0,"12":0,"13":106,"14":0,"15":0},"b":{"0":[0,0],"1":[0,0],"2":[0,0],"3":[0,0],"4":[0,0]},"_coverageSchema":"1a1c01bbd47fc00a2c39e90264f33305004495a9","hash":"b725c3320c7987e5a5b881e1e870aefa9491aa0e"}
,"C:\\Users\\harra\\Documents\\Coding\\Codecademy\\postgreSQL\\ecommerceRESTAPI\\Client\\Client\\src\\userSlice.js": {"path":"C:\\Users\\harra\\Documents\\Coding\\Codecademy\\postgreSQL\\ecommerceRESTAPI\\Client\\Client\\src\\userSlice.js","statementMap":{"0":{"start":{"line":5,"column":38},"end":{"line":25,"column":1}},"1":{"start":{"line":7,"column":8},"end":{"line":23,"column":9}},"2":{"start":{"line":8,"column":36},"end":{"line":11,"column":14}},"3":{"start":{"line":12,"column":12},"end":{"line":19,"column":13}},"4":{"start":{"line":13,"column":32},"end":{"line":13,"column":60}},"5":{"start":{"line":14,"column":16},"end":{"line":14,"column":34}},"6":{"start":{"line":16,"column":16},"end":{"line":16,"column":38}},"7":{"start":{"line":17,"column":33},"end":{"line":17,"column":61}},"8":{"start":{"line":18,"column":16},"end":{"line":18,"column":42}},"9":{"start":{"line":22,"column":12},"end":{"line":22,"column":29}},"10":{"start":{"line":27,"column":24},"end":{"line":44,"column":1}},"11":{"start":{"line":29,"column":8},"end":{"line":42,"column":9}},"12":{"start":{"line":30,"column":29},"end":{"line":30,"column":85}},"13":{"start":{"line":31,"column":12},"end":{"line":38,"column":13}},"14":{"start":{"line":32,"column":29},"end":{"line":32,"column":50}},"15":{"start":{"line":33,"column":16},"end":{"line":33,"column":31}},"16":{"start":{"line":35,"column":16},"end":{"line":35,"column":38}},"17":{"start":{"line":36,"column":33},"end":{"line":36,"column":54}},"18":{"start":{"line":37,"column":16},"end":{"line":37,"column":42}},"19":{"start":{"line":41,"column":12},"end":{"line":41,"column":29}},"20":{"start":{"line":46,"column":18},"end":{"line":89,"column":2}},"21":{"start":{"line":56,"column":40},"end":{"line":56,"column":69}},"22":{"start":{"line":57,"column":42},"end":{"line":57,"column":75}},"23":{"start":{"line":63,"column":12},"end":{"line":63,"column":35}},"24":{"start":{"line":64,"column":12},"end":{"line":64,"column":36}},"25":{"start":{"line":67,"column":12},"end":{"line":67,"column":42}},"26":{"start":{"line":68,"column":12},"end":{"line":68,"column":36}},"27":{"start":{"line":69,"column":12},"end":{"line":69,"column":36}},"28":{"start":{"line":72,"column":12},"end":{"line":72,"column":36}},"29":{"start":{"line":73,"column":12},"end":{"line":73,"column":35}},"30":{"start":{"line":76,"column":12},"end":{"line":76,"column":35}},"31":{"start":{"line":77,"column":12},"end":{"line":77,"column":36}},"32":{"start":{"line":80,"column":12},"end":{"line":80,"column":42}},"33":{"start":{"line":81,"column":12},"end":{"line":81,"column":36}},"34":{"start":{"line":82,"column":12},"end":{"line":82,"column":36}},"35":{"start":{"line":85,"column":12},"end":{"line":85,"column":36}},"36":{"start":{"line":86,"column":12},"end":{"line":86,"column":35}},"37":{"start":{"line":91,"column":31},"end":{"line":91,"column":62}},"38":{"start":{"line":91,"column":42},"end":{"line":91,"column":62}},"39":{"start":{"line":92,"column":31},"end":{"line":92,"column":62}},"40":{"start":{"line":92,"column":42},"end":{"line":92,"column":62}},"41":{"start":{"line":93,"column":28},"end":{"line":93,"column":56}},"42":{"start":{"line":93,"column":39},"end":{"line":93,"column":56}},"43":{"start":{"line":94,"column":28},"end":{"line":94,"column":56}},"44":{"start":{"line":94,"column":39},"end":{"line":94,"column":56}},"45":{"start":{"line":95,"column":32},"end":{"line":95,"column":64}},"46":{"start":{"line":95,"column":43},"end":{"line":95,"column":64}},"47":{"start":{"line":97,"column":50},"end":{"line":97,"column":67}}},"fnMap":{"0":{"name":"(anonymous_0)","decl":{"start":{"line":6,"column":37},"end":{"line":6,"column":38}},"loc":{"start":{"line":6,"column":72},"end":{"line":24,"column":5}},"line":6},"1":{"name":"(anonymous_1)","decl":{"start":{"line":28,"column":24},"end":{"line":28,"column":25}},"loc":{"start":{"line":28,"column":59},"end":{"line":43,"column":5}},"line":28},"2":{"name":"(anonymous_2)","decl":{"start":{"line":56,"column":19},"end":{"line":56,"column":20}},"loc":{"start":{"line":56,"column":38},"end":{"line":56,"column":71}},"line":56},"3":{"name":"(anonymous_3)","decl":{"start":{"line":57,"column":21},"end":{"line":57,"column":22}},"loc":{"start":{"line":57,"column":40},"end":{"line":57,"column":77}},"line":57},"4":{"name":"(anonymous_4)","decl":{"start":{"line":59,"column":16},"end":{"line":59,"column":17}},"loc":{"start":{"line":59,"column":25},"end":{"line":59,"column":27}},"line":59},"5":{"name":"(anonymous_5)","decl":{"start":{"line":62,"column":29},"end":{"line":62,"column":30}},"loc":{"start":{"line":62,"column":48},"end":{"line":65,"column":9}},"line":62},"6":{"name":"(anonymous_6)","decl":{"start":{"line":66,"column":31},"end":{"line":66,"column":32}},"loc":{"start":{"line":66,"column":50},"end":{"line":70,"column":9}},"line":66},"7":{"name":"(anonymous_7)","decl":{"start":{"line":71,"column":30},"end":{"line":71,"column":31}},"loc":{"start":{"line":71,"column":49},"end":{"line":74,"column":9}},"line":71},"8":{"name":"(anonymous_8)","decl":{"start":{"line":75,"column":42},"end":{"line":75,"column":43}},"loc":{"start":{"line":75,"column":61},"end":{"line":78,"column":9}},"line":75},"9":{"name":"(anonymous_9)","decl":{"start":{"line":79,"column":44},"end":{"line":79,"column":45}},"loc":{"start":{"line":79,"column":63},"end":{"line":83,"column":9}},"line":79},"10":{"name":"(anonymous_10)","decl":{"start":{"line":84,"column":43},"end":{"line":84,"column":44}},"loc":{"start":{"line":84,"column":62},"end":{"line":87,"column":9}},"line":84},"11":{"name":"(anonymous_11)","decl":{"start":{"line":91,"column":31},"end":{"line":91,"column":32}},"loc":{"start":{"line":91,"column":42},"end":{"line":91,"column":62}},"line":91},"12":{"name":"(anonymous_12)","decl":{"start":{"line":92,"column":31},"end":{"line":92,"column":32}},"loc":{"start":{"line":92,"column":42},"end":{"line":92,"column":62}},"line":92},"13":{"name":"(anonymous_13)","decl":{"start":{"line":93,"column":28},"end":{"line":93,"column":29}},"loc":{"start":{"line":93,"column":39},"end":{"line":93,"column":56}},"line":93},"14":{"name":"(anonymous_14)","decl":{"start":{"line":94,"column":28},"end":{"line":94,"column":29}},"loc":{"start":{"line":94,"column":39},"end":{"line":94,"column":56}},"line":94},"15":{"name":"(anonymous_15)","decl":{"start":{"line":95,"column":32},"end":{"line":95,"column":33}},"loc":{"start":{"line":95,"column":43},"end":{"line":95,"column":64}},"line":95}},"branchMap":{"0":{"loc":{"start":{"line":12,"column":12},"end":{"line":19,"column":13}},"type":"if","locations":[{"start":{"line":12,"column":12},"end":{"line":19,"column":13}},{"start":{"line":15,"column":19},"end":{"line":19,"column":13}}],"line":12},"1":{"loc":{"start":{"line":31,"column":12},"end":{"line":38,"column":13}},"type":"if","locations":[{"start":{"line":31,"column":12},"end":{"line":38,"column":13}},{"start":{"line":34,"column":19},"end":{"line":38,"column":13}}],"line":31}},"s":{"0":1,"1":0,"2":0,"3":0,"4":0,"5":0,"6":0,"7":0,"8":0,"9":0,"10":1,"11":0,"12":0,"13":0,"14":0,"15":0,"16":0,"17":0,"18":0,"19":0,"20":1,"21":0,"22":0,"23":0,"24":0,"25":0,"26":0,"27":0,"28":0,"29":0,"30":0,"31":0,"32":0,"33":0,"34":0,"35":0,"36":0,"37":1,"38":0,"39":1,"40":0,"41":1,"42":0,"43":1,"44":0,"45":1,"46":0,"47":1},"f":{"0":0,"1":0,"2":0,"3":0,"4":0,"5":0,"6":0,"7":0,"8":0,"9":0,"10":0,"11":0,"12":0,"13":0,"14":0,"15":0},"b":{"0":[0,0],"1":[0,0]},"_coverageSchema":"1a1c01bbd47fc00a2c39e90264f33305004495a9","hash":"92ee5a1f8e5823fd31a042dbf455547c3bb798ce"}
,"C:\\Users\\harra\\Documents\\Coding\\Codecademy\\postgreSQL\\ecommerceRESTAPI\\Client\\Client\\src\\components\\Product\\Product.js": {"path":"C:\\Users\\harra\\Documents\\Coding\\Codecademy\\postgreSQL\\ecommerceRESTAPI\\Client\\Client\\src\\components\\Product\\Product.js","statementMap":{"0":{"start":{"line":11,"column":16},"end":{"line":61,"column":1}},"1":{"start":{"line":13,"column":19},"end":{"line":13,"column":44}},"2":{"start":{"line":14,"column":21},"end":{"line":14,"column":34}},"3":{"start":{"line":15,"column":21},"end":{"line":15,"column":34}},"4":{"start":{"line":16,"column":27},"end":{"line":16,"column":60}},"5":{"start":{"line":17,"column":19},"end":{"line":17,"column":44}},"6":{"start":{"line":18,"column":20},"end":{"line":18,"column":46}},"7":{"start":{"line":19,"column":24},"end":{"line":19,"column":54}},"8":{"start":{"line":21,"column":4},"end":{"line":23,"column":29}},"9":{"start":{"line":22,"column":8},"end":{"line":22,"column":79}},"10":{"start":{"line":22,"column":21},"end":{"line":22,"column":79}},"11":{"start":{"line":25,"column":36},"end":{"line":30,"column":5}},"12":{"start":{"line":26,"column":8},"end":{"line":26,"column":53}},"13":{"start":{"line":26,"column":22},"end":{"line":26,"column":53}},"14":{"start":{"line":27,"column":22},"end":{"line":27,"column":142}},"15":{"start":{"line":28,"column":8},"end":{"line":28,"column":60}},"16":{"start":{"line":29,"column":8},"end":{"line":29,"column":27}},"17":{"start":{"line":32,"column":35},"end":{"line":39,"column":5}},"18":{"start":{"line":33,"column":8},"end":{"line":38,"column":10}},"19":{"start":{"line":35,"column":12},"end":{"line":35,"column":48}},"20":{"start":{"line":36,"column":12},"end":{"line":36,"column":56}},"21":{"start":{"line":37,"column":12},"end":{"line":37,"column":32}},"22":{"start":{"line":41,"column":31},"end":{"line":41,"column":158}},"23":{"start":{"line":41,"column":46},"end":{"line":41,"column":124}},"24":{"start":{"line":41,"column":133},"end":{"line":41,"column":158}},"25":{"start":{"line":43,"column":22},"end":{"line":43,"column":72}},"26":{"start":{"line":45,"column":4},"end":{"line":60,"column":5}},"27":{"start":{"line":54,"column":41},"end":{"line":54,"column":73}}},"fnMap":{"0":{"name":"(anonymous_0)","decl":{"start":{"line":11,"column":16},"end":{"line":11,"column":17}},"loc":{"start":{"line":11,"column":68},"end":{"line":61,"column":1}},"line":11},"1":{"name":"(anonymous_1)","decl":{"start":{"line":21,"column":14},"end":{"line":21,"column":15}},"loc":{"start":{"line":21,"column":20},"end":{"line":23,"column":5}},"line":21},"2":{"name":"(anonymous_2)","decl":{"start":{"line":25,"column":36},"end":{"line":25,"column":37}},"loc":{"start":{"line":25,"column":42},"end":{"line":30,"column":5}},"line":25},"3":{"name":"(anonymous_3)","decl":{"start":{"line":32,"column":35},"end":{"line":32,"column":36}},"loc":{"start":{"line":32,"column":45},"end":{"line":39,"column":5}},"line":32},"4":{"name":"(anonymous_4)","decl":{"start":{"line":34,"column":14},"end":{"line":34,"column":15}},"loc":{"start":{"line":34,"column":20},"end":{"line":38,"column":9}},"line":34},"5":{"name":"(anonymous_5)","decl":{"start":{"line":41,"column":40},"end":{"line":41,"column":41}},"loc":{"start":{"line":41,"column":46},"end":{"line":41,"column":124}},"line":41},"6":{"name":"(anonymous_6)","decl":{"start":{"line":41,"column":127},"end":{"line":41,"column":128}},"loc":{"start":{"line":41,"column":133},"end":{"line":41,"column":158}},"line":41},"7":{"name":"(anonymous_7)","decl":{"start":{"line":54,"column":30},"end":{"line":54,"column":31}},"loc":{"start":{"line":54,"column":41},"end":{"line":54,"column":73}},"line":54}},"branchMap":{"0":{"loc":{"start":{"line":22,"column":8},"end":{"line":22,"column":79}},"type":"if","locations":[{"start":{"line":22,"column":8},"end":{"line":22,"column":79}},{"start":{},"end":{}}],"line":22},"1":{"loc":{"start":{"line":26,"column":8},"end":{"line":26,"column":53}},"type":"if","locations":[{"start":{"line":26,"column":8},"end":{"line":26,"column":53}},{"start":{},"end":{}}],"line":26},"2":{"loc":{"start":{"line":41,"column":31},"end":{"line":41,"column":158}},"type":"cond-expr","locations":[{"start":{"line":41,"column":40},"end":{"line":41,"column":124}},{"start":{"line":41,"column":127},"end":{"line":41,"column":158}}],"line":41},"3":{"loc":{"start":{"line":43,"column":22},"end":{"line":43,"column":72}},"type":"cond-expr","locations":[{"start":{"line":43,"column":32},"end":{"line":43,"column":49}},{"start":{"line":43,"column":52},"end":{"line":43,"column":72}}],"line":43},"4":{"loc":{"start":{"line":43,"column":32},"end":{"line":43,"column":49}},"type":"binary-expr","locations":[{"start":{"line":43,"column":32},"end":{"line":43,"column":43}},{"start":{"line":43,"column":47},"end":{"line":43,"column":49}}],"line":43},"5":{"loc":{"start":{"line":43,"column":52},"end":{"line":43,"column":72}},"type":"binary-expr","locations":[{"start":{"line":43,"column":52},"end":{"line":43,"column":66}},{"start":{"line":43,"column":70},"end":{"line":43,"column":72}}],"line":43},"6":{"loc":{"start":{"line":54,"column":13},"end":{"line":56,"column":73}},"type":"cond-expr","locations":[{"start":{"line":55,"column":14},"end":{"line":55,"column":41}},{"start":{"line":56,"column":14},"end":{"line":56,"column":73}}],"line":54}},"s":{"0":1,"1":0,"2":0,"3":0,"4":0,"5":0,"6":0,"7":0,"8":0,"9":0,"10":0,"11":0,"12":0,"13":0,"14":0,"15":0,"16":0,"17":0,"18":0,"19":0,"20":0,"21":0,"22":0,"23":0,"24":0,"25":0,"26":0,"27":0},"f":{"0":0,"1":0,"2":0,"3":0,"4":0,"5":0,"6":0,"7":0},"b":{"0":[0,0],"1":[0,0],"2":[0,0],"3":[0,0],"4":[0,0],"5":[0,0],"6":[0,0]},"_coverageSchema":"1a1c01bbd47fc00a2c39e90264f33305004495a9","hash":"c4103dba1db30e91b70831675b2c50fce7b61d4e"}
,"C:\\Users\\harra\\Documents\\Coding\\Codecademy\\postgreSQL\\ecommerceRESTAPI\\Client\\Client\\src\\features\\Basket\\basketSlice.js": {"path":"C:\\Users\\harra\\Documents\\Coding\\Codecademy\\postgreSQL\\ecommerceRESTAPI\\Client\\Client\\src\\features\\Basket\\basketSlice.js","statementMap":{"0":{"start":{"line":3,"column":33},"end":{"line":19,"column":1}},"1":{"start":{"line":5,"column":8},"end":{"line":17,"column":9}},"2":{"start":{"line":6,"column":29},"end":{"line":6,"column":85}},"3":{"start":{"line":7,"column":12},"end":{"line":14,"column":13}},"4":{"start":{"line":8,"column":29},"end":{"line":8,"column":50}},"5":{"start":{"line":9,"column":16},"end":{"line":9,"column":28}},"6":{"start":{"line":11,"column":16},"end":{"line":11,"column":36}},"7":{"start":{"line":12,"column":33},"end":{"line":12,"column":54}},"8":{"start":{"line":13,"column":16},"end":{"line":13,"column":42}},"9":{"start":{"line":16,"column":12},"end":{"line":16,"column":29}},"10":{"start":{"line":21,"column":20},"end":{"line":43,"column":2}},"11":{"start":{"line":30,"column":12},"end":{"line":30,"column":35}},"12":{"start":{"line":31,"column":12},"end":{"line":31,"column":36}},"13":{"start":{"line":34,"column":12},"end":{"line":34,"column":42}},"14":{"start":{"line":35,"column":12},"end":{"line":35,"column":36}},"15":{"start":{"line":36,"column":12},"end":{"line":36,"column":36}},"16":{"start":{"line":39,"column":12},"end":{"line":39,"column":36}},"17":{"start":{"line":40,"column":12},"end":{"line":40,"column":35}},"18":{"start":{"line":45,"column":31},"end":{"line":45,"column":64}},"19":{"start":{"line":45,"column":42},"end":{"line":45,"column":64}},"20":{"start":{"line":46,"column":31},"end":{"line":46,"column":64}},"21":{"start":{"line":46,"column":42},"end":{"line":46,"column":64}},"22":{"start":{"line":47,"column":28},"end":{"line":47,"column":58}},"23":{"start":{"line":47,"column":39},"end":{"line":47,"column":58}}},"fnMap":{"0":{"name":"(anonymous_0)","decl":{"start":{"line":4,"column":32},"end":{"line":4,"column":33}},"loc":{"start":{"line":4,"column":67},"end":{"line":18,"column":5}},"line":4},"1":{"name":"(anonymous_1)","decl":{"start":{"line":29,"column":37},"end":{"line":29,"column":38}},"loc":{"start":{"line":29,"column":56},"end":{"line":32,"column":9}},"line":29},"2":{"name":"(anonymous_2)","decl":{"start":{"line":33,"column":39},"end":{"line":33,"column":40}},"loc":{"start":{"line":33,"column":58},"end":{"line":37,"column":9}},"line":33},"3":{"name":"(anonymous_3)","decl":{"start":{"line":38,"column":38},"end":{"line":38,"column":39}},"loc":{"start":{"line":38,"column":57},"end":{"line":41,"column":9}},"line":38},"4":{"name":"(anonymous_4)","decl":{"start":{"line":45,"column":31},"end":{"line":45,"column":32}},"loc":{"start":{"line":45,"column":42},"end":{"line":45,"column":64}},"line":45},"5":{"name":"(anonymous_5)","decl":{"start":{"line":46,"column":31},"end":{"line":46,"column":32}},"loc":{"start":{"line":46,"column":42},"end":{"line":46,"column":64}},"line":46},"6":{"name":"(anonymous_6)","decl":{"start":{"line":47,"column":28},"end":{"line":47,"column":29}},"loc":{"start":{"line":47,"column":39},"end":{"line":47,"column":58}},"line":47}},"branchMap":{"0":{"loc":{"start":{"line":7,"column":12},"end":{"line":14,"column":13}},"type":"if","locations":[{"start":{"line":7,"column":12},"end":{"line":14,"column":13}},{"start":{"line":10,"column":19},"end":{"line":14,"column":13}}],"line":7}},"s":{"0":1,"1":0,"2":0,"3":0,"4":0,"5":0,"6":0,"7":0,"8":0,"9":0,"10":1,"11":0,"12":0,"13":0,"14":0,"15":0,"16":0,"17":0,"18":1,"19":0,"20":1,"21":0,"22":1,"23":0},"f":{"0":0,"1":0,"2":0,"3":0,"4":0,"5":0,"6":0},"b":{"0":[0,0]},"_coverageSchema":"1a1c01bbd47fc00a2c39e90264f33305004495a9","hash":"71f6007770bf4620d5ed12c2d81bc7dcb9d93ff6"}
,"C:\\Users\\harra\\Documents\\Coding\\Codecademy\\postgreSQL\\ecommerceRESTAPI\\Client\\Client\\src\\features\\Basket\\BasketProducts\\basketProductsSlice.js": {"path":"C:\\Users\\harra\\Documents\\Coding\\Codecademy\\postgreSQL\\ecommerceRESTAPI\\Client\\Client\\src\\features\\Basket\\BasketProducts\\basketProductsSlice.js","statementMap":{"0":{"start":{"line":3,"column":41},"end":{"line":20,"column":1}},"1":{"start":{"line":5,"column":8},"end":{"line":18,"column":9}},"2":{"start":{"line":6,"column":29},"end":{"line":6,"column":94}},"3":{"start":{"line":7,"column":12},"end":{"line":15,"column":13}},"4":{"start":{"line":8,"column":29},"end":{"line":8,"column":50}},"5":{"start":{"line":9,"column":16},"end":{"line":9,"column":28}},"6":{"start":{"line":11,"column":16},"end":{"line":11,"column":36}},"7":{"start":{"line":12,"column":33},"end":{"line":12,"column":54}},"8":{"start":{"line":13,"column":16},"end":{"line":13,"column":38}},"9":{"start":{"line":14,"column":16},"end":{"line":14,"column":42}},"10":{"start":{"line":17,"column":12},"end":{"line":17,"column":29}},"11":{"start":{"line":22,"column":33},"end":{"line":42,"column":1}},"12":{"start":{"line":24,"column":8},"end":{"line":40,"column":9}},"13":{"start":{"line":25,"column":29},"end":{"line":28,"column":14}},"14":{"start":{"line":29,"column":12},"end":{"line":37,"column":13}},"15":{"start":{"line":30,"column":29},"end":{"line":30,"column":50}},"16":{"start":{"line":31,"column":16},"end":{"line":31,"column":28}},"17":{"start":{"line":34,"column":16},"end":{"line":34,"column":36}},"18":{"start":{"line":35,"column":33},"end":{"line":35,"column":54}},"19":{"start":{"line":36,"column":16},"end":{"line":36,"column":42}},"20":{"start":{"line":39,"column":12},"end":{"line":39,"column":29}},"21":{"start":{"line":44,"column":38},"end":{"line":63,"column":1}},"22":{"start":{"line":46,"column":8},"end":{"line":61,"column":9}},"23":{"start":{"line":47,"column":29},"end":{"line":50,"column":14}},"24":{"start":{"line":51,"column":12},"end":{"line":58,"column":13}},"25":{"start":{"line":52,"column":29},"end":{"line":52,"column":50}},"26":{"start":{"line":53,"column":16},"end":{"line":53,"column":28}},"27":{"start":{"line":55,"column":16},"end":{"line":55,"column":36}},"28":{"start":{"line":56,"column":33},"end":{"line":56,"column":54}},"29":{"start":{"line":57,"column":16},"end":{"line":57,"column":42}},"30":{"start":{"line":60,"column":12},"end":{"line":60,"column":29}},"31":{"start":{"line":65,"column":38},"end":{"line":84,"column":1}},"32":{"start":{"line":67,"column":8},"end":{"line":82,"column":9}},"33":{"start":{"line":68,"column":29},"end":{"line":71,"column":14}},"34":{"start":{"line":72,"column":12},"end":{"line":79,"column":13}},"35":{"start":{"line":73,"column":29},"end":{"line":73,"column":50}},"36":{"start":{"line":74,"column":16},"end":{"line":74,"column":28}},"37":{"start":{"line":76,"column":16},"end":{"line":76,"column":36}},"38":{"start":{"line":77,"column":33},"end":{"line":77,"column":54}},"39":{"start":{"line":78,"column":16},"end":{"line":78,"column":42}},"40":{"start":{"line":81,"column":12},"end":{"line":81,"column":29}},"41":{"start":{"line":86,"column":36},"end":{"line":106,"column":1}},"42":{"start":{"line":88,"column":8},"end":{"line":104,"column":9}},"43":{"start":{"line":89,"column":29},"end":{"line":92,"column":14}},"44":{"start":{"line":93,"column":12},"end":{"line":101,"column":13}},"45":{"start":{"line":94,"column":29},"end":{"line":94,"column":50}},"46":{"start":{"line":95,"column":16},"end":{"line":95,"column":28}},"47":{"start":{"line":98,"column":16},"end":{"line":98,"column":36}},"48":{"start":{"line":99,"column":33},"end":{"line":99,"column":54}},"49":{"start":{"line":100,"column":16},"end":{"line":100,"column":42}},"50":{"start":{"line":103,"column":12},"end":{"line":103,"column":29}},"51":{"start":{"line":108,"column":28},"end":{"line":182,"column":2}},"52":{"start":{"line":117,"column":12},"end":{"line":117,"column":35}},"53":{"start":{"line":118,"column":12},"end":{"line":118,"column":36}},"54":{"start":{"line":121,"column":12},"end":{"line":121,"column":50}},"55":{"start":{"line":122,"column":12},"end":{"line":122,"column":36}},"56":{"start":{"line":123,"column":12},"end":{"line":123,"column":36}},"57":{"start":{"line":126,"column":12},"end":{"line":126,"column":36}},"58":{"start":{"line":127,"column":12},"end":{"line":127,"column":35}},"59":{"start":{"line":130,"column":12},"end":{"line":130,"column":35}},"60":{"start":{"line":131,"column":12},"end":{"line":131,"column":36}},"61":{"start":{"line":134,"column":12},"end":{"line":134,"column":50}},"62":{"start":{"line":135,"column":12},"end":{"line":135,"column":36}},"63":{"start":{"line":136,"column":12},"end":{"line":136,"column":36}},"64":{"start":{"line":139,"column":12},"end":{"line":139,"column":36}},"65":{"start":{"line":140,"column":12},"end":{"line":140,"column":35}},"66":{"start":{"line":143,"column":12},"end":{"line":143,"column":35}},"67":{"start":{"line":144,"column":12},"end":{"line":144,"column":36}},"68":{"start":{"line":147,"column":12},"end":{"line":147,"column":50}},"69":{"start":{"line":148,"column":12},"end":{"line":148,"column":36}},"70":{"start":{"line":149,"column":12},"end":{"line":149,"column":36}},"71":{"start":{"line":152,"column":12},"end":{"line":152,"column":36}},"72":{"start":{"line":153,"column":12},"end":{"line":153,"column":35}},"73":{"start":{"line":156,"column":12},"end":{"line":156,"column":35}},"74":{"start":{"line":157,"column":12},"end":{"line":157,"column":36}},"75":{"start":{"line":160,"column":12},"end":{"line":160,"column":50}},"76":{"start":{"line":161,"column":12},"end":{"line":161,"column":36}},"77":{"start":{"line":162,"column":12},"end":{"line":162,"column":36}},"78":{"start":{"line":165,"column":12},"end":{"line":165,"column":36}},"79":{"start":{"line":166,"column":12},"end":{"line":166,"column":35}},"80":{"start":{"line":169,"column":12},"end":{"line":169,"column":35}},"81":{"start":{"line":170,"column":12},"end":{"line":170,"column":36}},"82":{"start":{"line":173,"column":12},"end":{"line":173,"column":50}},"83":{"start":{"line":174,"column":12},"end":{"line":174,"column":36}},"84":{"start":{"line":175,"column":12},"end":{"line":175,"column":36}},"85":{"start":{"line":178,"column":12},"end":{"line":178,"column":36}},"86":{"start":{"line":179,"column":12},"end":{"line":179,"column":35}},"87":{"start":{"line":184,"column":31},"end":{"line":184,"column":72}},"88":{"start":{"line":184,"column":42},"end":{"line":184,"column":72}},"89":{"start":{"line":185,"column":31},"end":{"line":185,"column":72}},"90":{"start":{"line":185,"column":42},"end":{"line":185,"column":72}},"91":{"start":{"line":186,"column":36},"end":{"line":186,"column":82}},"92":{"start":{"line":186,"column":47},"end":{"line":186,"column":82}}},"fnMap":{"0":{"name":"(anonymous_0)","decl":{"start":{"line":4,"column":48},"end":{"line":4,"column":49}},"loc":{"start":{"line":4,"column":83},"end":{"line":19,"column":5}},"line":4},"1":{"name":"(anonymous_1)","decl":{"start":{"line":23,"column":40},"end":{"line":23,"column":41}},"loc":{"start":{"line":23,"column":77},"end":{"line":41,"column":5}},"line":23},"2":{"name":"(anonymous_2)","decl":{"start":{"line":45,"column":45},"end":{"line":45,"column":46}},"loc":{"start":{"line":45,"column":82},"end":{"line":62,"column":5}},"line":45},"3":{"name":"(anonymous_3)","decl":{"start":{"line":66,"column":45},"end":{"line":66,"column":46}},"loc":{"start":{"line":66,"column":82},"end":{"line":83,"column":5}},"line":66},"4":{"name":"(anonymous_4)","decl":{"start":{"line":87,"column":43},"end":{"line":87,"column":44}},"loc":{"start":{"line":87,"column":80},"end":{"line":105,"column":5}},"line":87},"5":{"name":"(anonymous_5)","decl":{"start":{"line":116,"column":45},"end":{"line":116,"column":46}},"loc":{"start":{"line":116,"column":64},"end":{"line":119,"column":9}},"line":116},"6":{"name":"(anonymous_6)","decl":{"start":{"line":120,"column":47},"end":{"line":120,"column":48}},"loc":{"start":{"line":120,"column":66},"end":{"line":124,"column":9}},"line":120},"7":{"name":"(anonymous_7)","decl":{"start":{"line":125,"column":46},"end":{"line":125,"column":47}},"loc":{"start":{"line":125,"column":65},"end":{"line":128,"column":9}},"line":125},"8":{"name":"(anonymous_8)","decl":{"start":{"line":129,"column":37},"end":{"line":129,"column":38}},"loc":{"start":{"line":129,"column":56},"end":{"line":132,"column":9}},"line":129},"9":{"name":"(anonymous_9)","decl":{"start":{"line":133,"column":39},"end":{"line":133,"column":40}},"loc":{"start":{"line":133,"column":58},"end":{"line":137,"column":9}},"line":133},"10":{"name":"(anonymous_10)","decl":{"start":{"line":138,"column":38},"end":{"line":138,"column":39}},"loc":{"start":{"line":138,"column":57},"end":{"line":141,"column":9}},"line":138},"11":{"name":"(anonymous_11)","decl":{"start":{"line":142,"column":40},"end":{"line":142,"column":41}},"loc":{"start":{"line":142,"column":59},"end":{"line":145,"column":9}},"line":142},"12":{"name":"(anonymous_12)","decl":{"start":{"line":146,"column":42},"end":{"line":146,"column":43}},"loc":{"start":{"line":146,"column":61},"end":{"line":150,"column":9}},"line":146},"13":{"name":"(anonymous_13)","decl":{"start":{"line":151,"column":41},"end":{"line":151,"column":42}},"loc":{"start":{"line":151,"column":60},"end":{"line":154,"column":9}},"line":151},"14":{"name":"(anonymous_14)","decl":{"start":{"line":155,"column":42},"end":{"line":155,"column":43}},"loc":{"start":{"line":155,"column":61},"end":{"line":158,"column":9}},"line":155},"15":{"name":"(anonymous_15)","decl":{"start":{"line":159,"column":44},"end":{"line":159,"column":45}},"loc":{"start":{"line":159,"column":63},"end":{"line":163,"column":9}},"line":159},"16":{"name":"(anonymous_16)","decl":{"start":{"line":164,"column":43},"end":{"line":164,"column":44}},"loc":{"start":{"line":164,"column":62},"end":{"line":167,"column":9}},"line":164},"17":{"name":"(anonymous_17)","decl":{"start":{"line":168,"column":42},"end":{"line":168,"column":43}},"loc":{"start":{"line":168,"column":61},"end":{"line":171,"column":9}},"line":168},"18":{"name":"(anonymous_18)","decl":{"start":{"line":172,"column":44},"end":{"line":172,"column":45}},"loc":{"start":{"line":172,"column":63},"end":{"line":176,"column":9}},"line":172},"19":{"name":"(anonymous_19)","decl":{"start":{"line":177,"column":43},"end":{"line":177,"column":44}},"loc":{"start":{"line":177,"column":62},"end":{"line":180,"column":9}},"line":177},"20":{"name":"(anonymous_20)","decl":{"start":{"line":184,"column":31},"end":{"line":184,"column":32}},"loc":{"start":{"line":184,"column":42},"end":{"line":184,"column":72}},"line":184},"21":{"name":"(anonymous_21)","decl":{"start":{"line":185,"column":31},"end":{"line":185,"column":32}},"loc":{"start":{"line":185,"column":42},"end":{"line":185,"column":72}},"line":185},"22":{"name":"(anonymous_22)","decl":{"start":{"line":186,"column":36},"end":{"line":186,"column":37}},"loc":{"start":{"line":186,"column":47},"end":{"line":186,"column":82}},"line":186}},"branchMap":{"0":{"loc":{"start":{"line":7,"column":12},"end":{"line":15,"column":13}},"type":"if","locations":[{"start":{"line":7,"column":12},"end":{"line":15,"column":13}},{"start":{"line":10,"column":18},"end":{"line":15,"column":13}}],"line":7},"1":{"loc":{"start":{"line":29,"column":12},"end":{"line":37,"column":13}},"type":"if","locations":[{"start":{"line":29,"column":12},"end":{"line":37,"column":13}},{"start":{"line":33,"column":17},"end":{"line":37,"column":13}}],"line":29},"2":{"loc":{"start":{"line":51,"column":12},"end":{"line":58,"column":13}},"type":"if","locations":[{"start":{"line":51,"column":12},"end":{"line":58,"column":13}},{"start":{"line":54,"column":19},"end":{"line":58,"column":13}}],"line":51},"3":{"loc":{"start":{"line":72,"column":12},"end":{"line":79,"column":13}},"type":"if","locations":[{"start":{"line":72,"column":12},"end":{"line":79,"column":13}},{"start":{"line":75,"column":19},"end":{"line":79,"column":13}}],"line":72},"4":{"loc":{"start":{"line":93,"column":12},"end":{"line":101,"column":13}},"type":"if","locations":[{"start":{"line":93,"column":12},"end":{"line":101,"column":13}},{"start":{"line":97,"column":17},"end":{"line":101,"column":13}}],"line":93}},"s":{"0":1,"1":0,"2":0,"3":0,"4":0,"5":0,"6":0,"7":0,"8":0,"9":0,"10":0,"11":1,"12":0,"13":0,"14":0,"15":0,"16":0,"17":0,"18":0,"19":0,"20":0,"21":1,"22":0,"23":0,"24":0,"25":0,"26":0,"27":0,"28":0,"29":0,"30":0,"31":1,"32":0,"33":0,"34":0,"35":0,"36":0,"37":0,"38":0,"39":0,"40":0,"41":1,"42":0,"43":0,"44":0,"45":0,"46":0,"47":0,"48":0,"49":0,"50":0,"51":1,"52":0,"53":0,"54":0,"55":0,"56":0,"57":0,"58":0,"59":0,"60":0,"61":0,"62":0,"63":0,"64":0,"65":0,"66":0,"67":0,"68":0,"69":0,"70":0,"71":0,"72":0,"73":0,"74":0,"75":0,"76":0,"77":0,"78":0,"79":0,"80":0,"81":0,"82":0,"83":0,"84":0,"85":0,"86":0,"87":1,"88":0,"89":1,"90":0,"91":1,"92":0},"f":{"0":0,"1":0,"2":0,"3":0,"4":0,"5":0,"6":0,"7":0,"8":0,"9":0,"10":0,"11":0,"12":0,"13":0,"14":0,"15":0,"16":0,"17":0,"18":0,"19":0,"20":0,"21":0,"22":0},"b":{"0":[0,0],"1":[0,0],"2":[0,0],"3":[0,0],"4":[0,0]},"_coverageSchema":"1a1c01bbd47fc00a2c39e90264f33305004495a9","hash":"3f909a6592e2dbac8e7326d7ecddab86ecc2772f"}
,"C:\\Users\\harra\\Documents\\Coding\\Codecademy\\postgreSQL\\ecommerceRESTAPI\\Client\\Client\\src\\features\\Products\\Products.js": {"path":"C:\\Users\\harra\\Documents\\Coding\\Codecademy\\postgreSQL\\ecommerceRESTAPI\\Client\\Client\\src\\features\\Products\\Products.js","statementMap":{"0":{"start":{"line":9,"column":17},"end":{"line":35,"column":1}},"1":{"start":{"line":11,"column":21},"end":{"line":11,"column":34}},"2":{"start":{"line":12,"column":21},"end":{"line":12,"column":48}},"3":{"start":{"line":13,"column":22},"end":{"line":13,"column":50}},"4":{"start":{"line":14,"column":20},"end":{"line":14,"column":46}},"5":{"start":{"line":17,"column":4},"end":{"line":19,"column":7}},"6":{"start":{"line":18,"column":8},"end":{"line":18,"column":58}},"7":{"start":{"line":18,"column":34},"end":{"line":18,"column":58}},"8":{"start":{"line":21,"column":4},"end":{"line":23,"column":28}},"9":{"start":{"line":22,"column":8},"end":{"line":22,"column":87}},"10":{"start":{"line":22,"column":20},"end":{"line":22,"column":87}},"11":{"start":{"line":26,"column":4},"end":{"line":34,"column":5}},"12":{"start":{"line":32,"column":49},"end":{"line":32,"column":215}}},"fnMap":{"0":{"name":"(anonymous_0)","decl":{"start":{"line":9,"column":17},"end":{"line":9,"column":18}},"loc":{"start":{"line":9,"column":23},"end":{"line":35,"column":1}},"line":9},"1":{"name":"(anonymous_1)","decl":{"start":{"line":17,"column":14},"end":{"line":17,"column":15}},"loc":{"start":{"line":17,"column":20},"end":{"line":19,"column":5}},"line":17},"2":{"name":"(anonymous_2)","decl":{"start":{"line":21,"column":14},"end":{"line":21,"column":15}},"loc":{"start":{"line":21,"column":20},"end":{"line":23,"column":7}},"line":21},"3":{"name":"(anonymous_3)","decl":{"start":{"line":32,"column":38},"end":{"line":32,"column":39}},"loc":{"start":{"line":32,"column":49},"end":{"line":32,"column":215}},"line":32}},"branchMap":{"0":{"loc":{"start":{"line":18,"column":8},"end":{"line":18,"column":58}},"type":"if","locations":[{"start":{"line":18,"column":8},"end":{"line":18,"column":58}},{"start":{},"end":{}}],"line":18},"1":{"loc":{"start":{"line":22,"column":8},"end":{"line":22,"column":87}},"type":"if","locations":[{"start":{"line":22,"column":8},"end":{"line":22,"column":87}},{"start":{},"end":{}}],"line":22},"2":{"loc":{"start":{"line":29,"column":13},"end":{"line":30,"column":82}},"type":"binary-expr","locations":[{"start":{"line":29,"column":13},"end":{"line":29,"column":22}},{"start":{"line":30,"column":16},"end":{"line":30,"column":82}}],"line":29},"3":{"loc":{"start":{"line":32,"column":13},"end":{"line":32,"column":216}},"type":"binary-expr","locations":[{"start":{"line":32,"column":13},"end":{"line":32,"column":21}},{"start":{"line":32,"column":25},"end":{"line":32,"column":216}}],"line":32}},"s":{"0":1,"1":53,"2":53,"3":53,"4":53,"5":53,"6":53,"7":53,"8":53,"9":1,"10":0,"11":53,"12":0},"f":{"0":53,"1":53,"2":1,"3":0},"b":{"0":[53,0],"1":[0,1],"2":[53,26],"3":[53,2]},"_coverageSchema":"1a1c01bbd47fc00a2c39e90264f33305004495a9","hash":"7f9d473400aa2098043cc5888beb9f0db7f0828c"}
,"C:\\Users\\harra\\Documents\\Coding\\Codecademy\\postgreSQL\\ecommerceRESTAPI\\Client\\Client\\src\\features\\Products\\productsSlice.js": {"path":"C:\\Users\\harra\\Documents\\Coding\\Codecademy\\postgreSQL\\ecommerceRESTAPI\\Client\\Client\\src\\features\\Products\\productsSlice.js","statementMap":{"0":{"start":{"line":3,"column":27},"end":{"line":18,"column":6}},"1":{"start":{"line":5,"column":8},"end":{"line":17,"column":9}},"2":{"start":{"line":6,"column":29},"end":{"line":6,"column":57}},"3":{"start":{"line":7,"column":12},"end":{"line":14,"column":13}},"4":{"start":{"line":8,"column":29},"end":{"line":8,"column":50}},"5":{"start":{"line":9,"column":16},"end":{"line":9,"column":28}},"6":{"start":{"line":12,"column":33},"end":{"line":12,"column":54}},"7":{"start":{"line":13,"column":16},"end":{"line":13,"column":42}},"8":{"start":{"line":16,"column":12},"end":{"line":16,"column":28}},"9":{"start":{"line":20,"column":33},"end":{"line":36,"column":1}},"10":{"start":{"line":22,"column":8},"end":{"line":34,"column":9}},"11":{"start":{"line":23,"column":29},"end":{"line":23,"column":72}},"12":{"start":{"line":24,"column":12},"end":{"line":31,"column":13}},"13":{"start":{"line":25,"column":29},"end":{"line":25,"column":50}},"14":{"start":{"line":26,"column":16},"end":{"line":26,"column":28}},"15":{"start":{"line":28,"column":16},"end":{"line":28,"column":36}},"16":{"start":{"line":29,"column":33},"end":{"line":29,"column":54}},"17":{"start":{"line":30,"column":16},"end":{"line":30,"column":42}},"18":{"start":{"line":33,"column":12},"end":{"line":33,"column":29}},"19":{"start":{"line":38,"column":22},"end":{"line":73,"column":2}},"20":{"start":{"line":47,"column":12},"end":{"line":47,"column":35}},"21":{"start":{"line":48,"column":12},"end":{"line":48,"column":36}},"22":{"start":{"line":51,"column":12},"end":{"line":51,"column":44}},"23":{"start":{"line":52,"column":12},"end":{"line":52,"column":36}},"24":{"start":{"line":53,"column":12},"end":{"line":53,"column":36}},"25":{"start":{"line":56,"column":12},"end":{"line":56,"column":36}},"26":{"start":{"line":57,"column":12},"end":{"line":57,"column":35}},"27":{"start":{"line":60,"column":12},"end":{"line":60,"column":35}},"28":{"start":{"line":61,"column":12},"end":{"line":61,"column":36}},"29":{"start":{"line":64,"column":12},"end":{"line":64,"column":44}},"30":{"start":{"line":65,"column":12},"end":{"line":65,"column":36}},"31":{"start":{"line":66,"column":12},"end":{"line":66,"column":36}},"32":{"start":{"line":69,"column":12},"end":{"line":69,"column":36}},"33":{"start":{"line":70,"column":12},"end":{"line":70,"column":35}},"34":{"start":{"line":76,"column":31},"end":{"line":76,"column":66}},"35":{"start":{"line":76,"column":42},"end":{"line":76,"column":66}},"36":{"start":{"line":77,"column":31},"end":{"line":77,"column":66}},"37":{"start":{"line":77,"column":42},"end":{"line":77,"column":66}},"38":{"start":{"line":78,"column":30},"end":{"line":78,"column":64}},"39":{"start":{"line":78,"column":41},"end":{"line":78,"column":64}}},"fnMap":{"0":{"name":"(anonymous_0)","decl":{"start":{"line":4,"column":28},"end":{"line":4,"column":29}},"loc":{"start":{"line":4,"column":40},"end":{"line":18,"column":5}},"line":4},"1":{"name":"(anonymous_1)","decl":{"start":{"line":21,"column":34},"end":{"line":21,"column":35}},"loc":{"start":{"line":21,"column":71},"end":{"line":35,"column":5}},"line":21},"2":{"name":"(anonymous_2)","decl":{"start":{"line":46,"column":31},"end":{"line":46,"column":32}},"loc":{"start":{"line":46,"column":50},"end":{"line":49,"column":9}},"line":46},"3":{"name":"(anonymous_3)","decl":{"start":{"line":50,"column":33},"end":{"line":50,"column":34}},"loc":{"start":{"line":50,"column":52},"end":{"line":54,"column":9}},"line":50},"4":{"name":"(anonymous_4)","decl":{"start":{"line":55,"column":32},"end":{"line":55,"column":33}},"loc":{"start":{"line":55,"column":51},"end":{"line":58,"column":9}},"line":55},"5":{"name":"(anonymous_5)","decl":{"start":{"line":59,"column":37},"end":{"line":59,"column":38}},"loc":{"start":{"line":59,"column":56},"end":{"line":62,"column":9}},"line":59},"6":{"name":"(anonymous_6)","decl":{"start":{"line":63,"column":39},"end":{"line":63,"column":40}},"loc":{"start":{"line":63,"column":58},"end":{"line":67,"column":9}},"line":63},"7":{"name":"(anonymous_7)","decl":{"start":{"line":68,"column":38},"end":{"line":68,"column":39}},"loc":{"start":{"line":68,"column":57},"end":{"line":71,"column":9}},"line":68},"8":{"name":"(anonymous_8)","decl":{"start":{"line":76,"column":31},"end":{"line":76,"column":32}},"loc":{"start":{"line":76,"column":42},"end":{"line":76,"column":66}},"line":76},"9":{"name":"(anonymous_9)","decl":{"start":{"line":77,"column":31},"end":{"line":77,"column":32}},"loc":{"start":{"line":77,"column":42},"end":{"line":77,"column":66}},"line":77},"10":{"name":"(anonymous_10)","decl":{"start":{"line":78,"column":30},"end":{"line":78,"column":31}},"loc":{"start":{"line":78,"column":41},"end":{"line":78,"column":64}},"line":78}},"branchMap":{"0":{"loc":{"start":{"line":7,"column":12},"end":{"line":14,"column":13}},"type":"if","locations":[{"start":{"line":7,"column":12},"end":{"line":14,"column":13}},{"start":{"line":10,"column":19},"end":{"line":14,"column":13}}],"line":7},"1":{"loc":{"start":{"line":24,"column":12},"end":{"line":31,"column":13}},"type":"if","locations":[{"start":{"line":24,"column":12},"end":{"line":31,"column":13}},{"start":{"line":27,"column":19},"end":{"line":31,"column":13}}],"line":24}},"s":{"0":1,"1":53,"2":53,"3":53,"4":0,"5":0,"6":0,"7":0,"8":53,"9":1,"10":0,"11":0,"12":0,"13":0,"14":0,"15":0,"16":0,"17":0,"18":0,"19":1,"20":53,"21":53,"22":53,"23":53,"24":53,"25":0,"26":0,"27":0,"28":0,"29":0,"30":0,"31":0,"32":0,"33":0,"34":1,"35":54,"36":1,"37":0,"38":1,"39":105},"f":{"0":53,"1":0,"2":53,"3":53,"4":0,"5":0,"6":0,"7":0,"8":54,"9":0,"10":105},"b":{"0":[0,0],"1":[0,0]},"_coverageSchema":"1a1c01bbd47fc00a2c39e90264f33305004495a9","hash":"b06d09d82d18a486bea046de478586b8acfff94e"}
,"C:\\Users\\harra\\Documents\\Coding\\Codecademy\\postgreSQL\\ecommerceRESTAPI\\Client\\Client\\src\\features\\Products\\test-utils.js": {"path":"C:\\Users\\harra\\Documents\\Coding\\Codecademy\\postgreSQL\\ecommerceRESTAPI\\Client\\Client\\src\\features\\Products\\test-utils.js","statementMap":{"0":{"start":{"line":22,"column":8},"end":{"line":22,"column":60}},"1":{"start":{"line":24,"column":4},"end":{"line":24,"column":64}}},"fnMap":{"0":{"name":"render","decl":{"start":{"line":12,"column":9},"end":{"line":12,"column":15}},"loc":{"start":{"line":20,"column":2},"end":{"line":25,"column":1}},"line":20},"1":{"name":"Wrapper","decl":{"start":{"line":21,"column":13},"end":{"line":21,"column":20}},"loc":{"start":{"line":21,"column":35},"end":{"line":23,"column":5}},"line":21}},"branchMap":{"0":{"loc":{"start":{"line":15,"column":4},"end":{"line":19,"column":10}},"type":"default-arg","locations":[{"start":{"line":19,"column":8},"end":{"line":19,"column":10}}],"line":15},"1":{"loc":{"start":{"line":17,"column":8},"end":{"line":17,"column":111}},"type":"default-arg","locations":[{"start":{"line":17,"column":16},"end":{"line":17,"column":111}}],"line":17}},"s":{"0":1,"1":1},"f":{"0":1,"1":1},"b":{"0":[1],"1":[1]},"_coverageSchema":"1a1c01bbd47fc00a2c39e90264f33305004495a9","hash":"a92a7321ecc63fc6220b0460d3de166631c1ed5c"}
,"C:\\Users\\harra\\Documents\\Coding\\Codecademy\\postgreSQL\\ecommerceRESTAPI\\Client\\Client\\src\\mocks\\fileMock.js": {"path":"C:\\Users\\harra\\Documents\\Coding\\Codecademy\\postgreSQL\\ecommerceRESTAPI\\Client\\Client\\src\\mocks\\fileMock.js","statementMap":{"0":{"start":{"line":4,"column":0},"end":{"line":4,"column":20}}},"fnMap":{},"branchMap":{},"s":{"0":1},"f":{},"b":{},"_coverageSchema":"1a1c01bbd47fc00a2c39e90264f33305004495a9","hash":"488b749cd48ea843c206ace4bec542545e8d31fc"}
,"C:\\Users\\harra\\Documents\\Coding\\Codecademy\\postgreSQL\\ecommerceRESTAPI\\Client\\Client\\src\\mocks\\productData.js": {"path":"C:\\Users\\harra\\Documents\\Coding\\Codecademy\\postgreSQL\\ecommerceRESTAPI\\Client\\Client\\src\\mocks\\productData.js","statementMap":{"0":{"start":{"line":2,"column":24},"end":{"line":5,"column":1}}},"fnMap":{},"branchMap":{},"s":{"0":1},"f":{},"b":{},"_coverageSchema":"1a1c01bbd47fc00a2c39e90264f33305004495a9","hash":"dc7f1534ac8f7aed6e7f935187ee9e6d9f9c371a"}
}
