TN:
SF:src\guestSlice.js
FN:5,(anonymous_0)
FN:26,(anonymous_1)
FN:49,(anonymous_2)
FN:50,(anonymous_3)
FN:51,(anonymous_4)
FN:52,(anonymous_5)
FN:55,(anonymous_6)
FN:56,(anonymous_7)
FN:61,(anonymous_8)
FN:65,(anonymous_9)
FN:70,(anonymous_10)
FN:77,(anonymous_11)
FN:78,(anonymous_12)
FN:79,(anonymous_13)
FN:80,(anonymous_14)
FN:81,(anonymous_15)
FNF:16
FNH:1
FNDA:0,(anonymous_0)
FNDA:0,(anonymous_1)
FNDA:0,(anonymous_2)
FNDA:0,(anonymous_3)
FNDA:0,(anonymous_4)
FNDA:0,(anonymous_5)
FNDA:0,(anonymous_6)
FNDA:0,(anonymous_7)
FNDA:0,(anonymous_8)
FNDA:0,(anonymous_9)
FNDA:0,(anonymous_10)
FNDA:0,(anonymous_11)
FNDA:0,(anonymous_12)
FNDA:106,(anonymous_13)
FNDA:0,(anonymous_14)
FNDA:0,(anonymous_15)
DA:4,1
DA:7,0
DA:9,0
DA:10,0
DA:12,0
DA:13,0
DA:15,0
DA:18,0
DA:20,0
DA:22,0
DA:23,0
DA:26,0
DA:27,0
DA:30,0
DA:33,0
DA:34,0
DA:39,1
DA:49,0
DA:50,0
DA:52,0
DA:53,0
DA:56,0
DA:57,0
DA:62,0
DA:63,0
DA:66,0
DA:67,0
DA:68,0
DA:71,0
DA:72,0
DA:77,1
DA:78,1
DA:79,106
DA:80,1
DA:81,1
DA:83,1
LF:36
LH:8
BRDA:12,0,0,0
BRDA:12,0,1,0
BRDA:12,1,0,0
BRDA:12,1,1,0
BRDA:18,2,0,0
BRDA:18,2,1,0
BRDA:18,3,0,0
BRDA:18,3,1,0
BRDA:20,4,0,0
BRDA:20,4,1,0
BRF:10
BRH:0
end_of_record
TN:
SF:src\userSlice.js
FN:6,(anonymous_0)
FN:28,(anonymous_1)
FN:56,(anonymous_2)
FN:57,(anonymous_3)
FN:59,(anonymous_4)
FN:62,(anonymous_5)
FN:66,(anonymous_6)
FN:71,(anonymous_7)
FN:75,(anonymous_8)
FN:79,(anonymous_9)
FN:84,(anonymous_10)
FN:91,(anonymous_11)
FN:92,(anonymous_12)
FN:93,(anonymous_13)
FN:94,(anonymous_14)
FN:95,(anonymous_15)
FNF:16
FNH:0
FNDA:0,(anonymous_0)
FNDA:0,(anonymous_1)
FNDA:0,(anonymous_2)
FNDA:0,(anonymous_3)
FNDA:0,(anonymous_4)
FNDA:0,(anonymous_5)
FNDA:0,(anonymous_6)
FNDA:0,(anonymous_7)
FNDA:0,(anonymous_8)
FNDA:0,(anonymous_9)
FNDA:0,(anonymous_10)
FNDA:0,(anonymous_11)
FNDA:0,(anonymous_12)
FNDA:0,(anonymous_13)
FNDA:0,(anonymous_14)
FNDA:0,(anonymous_15)
DA:5,1
DA:7,0
DA:8,0
DA:12,0
DA:13,0
DA:14,0
DA:16,0
DA:17,0
DA:18,0
DA:22,0
DA:27,1
DA:29,0
DA:30,0
DA:31,0
DA:32,0
DA:33,0
DA:35,0
DA:36,0
DA:37,0
DA:41,0
DA:46,1
DA:56,0
DA:57,0
DA:63,0
DA:64,0
DA:67,0
DA:68,0
DA:69,0
DA:72,0
DA:73,0
DA:76,0
DA:77,0
DA:80,0
DA:81,0
DA:82,0
DA:85,0
DA:86,0
DA:91,1
DA:92,1
DA:93,1
DA:94,1
DA:95,1
DA:97,1
LF:43
LH:9
BRDA:12,0,0,0
BRDA:12,0,1,0
BRDA:31,1,0,0
BRDA:31,1,1,0
BRF:4
BRH:0
end_of_record
TN:
SF:src\components\Product\Product.js
FN:11,(anonymous_0)
FN:21,(anonymous_1)
FN:25,(anonymous_2)
FN:32,(anonymous_3)
FN:34,(anonymous_4)
FN:41,(anonymous_5)
FN:41,(anonymous_6)
FN:54,(anonymous_7)
FNF:8
FNH:0
FNDA:0,(anonymous_0)
FNDA:0,(anonymous_1)
FNDA:0,(anonymous_2)
FNDA:0,(anonymous_3)
FNDA:0,(anonymous_4)
FNDA:0,(anonymous_5)
FNDA:0,(anonymous_6)
FNDA:0,(anonymous_7)
DA:11,1
DA:13,0
DA:14,0
DA:15,0
DA:16,0
DA:17,0
DA:18,0
DA:19,0
DA:21,0
DA:22,0
DA:25,0
DA:26,0
DA:27,0
DA:28,0
DA:29,0
DA:32,0
DA:33,0
DA:35,0
DA:36,0
DA:37,0
DA:41,0
DA:43,0
DA:45,0
DA:54,0
LF:24
LH:1
BRDA:22,0,0,0
BRDA:22,0,1,0
BRDA:26,1,0,0
BRDA:26,1,1,0
BRDA:41,2,0,0
BRDA:41,2,1,0
BRDA:43,3,0,0
BRDA:43,3,1,0
BRDA:43,4,0,0
BRDA:43,4,1,0
BRDA:43,5,0,0
BRDA:43,5,1,0
BRDA:54,6,0,0
BRDA:54,6,1,0
BRF:14
BRH:0
end_of_record
TN:
SF:src\features\Basket\basketSlice.js
FN:4,(anonymous_0)
FN:29,(anonymous_1)
FN:33,(anonymous_2)
FN:38,(anonymous_3)
FN:45,(anonymous_4)
FN:46,(anonymous_5)
FN:47,(anonymous_6)
FNF:7
FNH:0
FNDA:0,(anonymous_0)
FNDA:0,(anonymous_1)
FNDA:0,(anonymous_2)
FNDA:0,(anonymous_3)
FNDA:0,(anonymous_4)
FNDA:0,(anonymous_5)
FNDA:0,(anonymous_6)
DA:3,1
DA:5,0
DA:6,0
DA:7,0
DA:8,0
DA:9,0
DA:11,0
DA:12,0
DA:13,0
DA:16,0
DA:21,1
DA:30,0
DA:31,0
DA:34,0
DA:35,0
DA:36,0
DA:39,0
DA:40,0
DA:45,1
DA:46,1
DA:47,1
LF:21
LH:5
BRDA:7,0,0,0
BRDA:7,0,1,0
BRF:2
BRH:0
end_of_record
TN:
SF:src\features\Basket\BasketProducts\basketProductsSlice.js
FN:4,(anonymous_0)
FN:23,(anonymous_1)
FN:45,(anonymous_2)
FN:66,(anonymous_3)
FN:87,(anonymous_4)
FN:116,(anonymous_5)
FN:120,(anonymous_6)
FN:125,(anonymous_7)
FN:129,(anonymous_8)
FN:133,(anonymous_9)
FN:138,(anonymous_10)
FN:142,(anonymous_11)
FN:146,(anonymous_12)
FN:151,(anonymous_13)
FN:155,(anonymous_14)
FN:159,(anonymous_15)
FN:164,(anonymous_16)
FN:168,(anonymous_17)
FN:172,(anonymous_18)
FN:177,(anonymous_19)
FN:184,(anonymous_20)
FN:185,(anonymous_21)
FN:186,(anonymous_22)
FNF:23
FNH:0
FNDA:0,(anonymous_0)
FNDA:0,(anonymous_1)
FNDA:0,(anonymous_2)
FNDA:0,(anonymous_3)
FNDA:0,(anonymous_4)
FNDA:0,(anonymous_5)
FNDA:0,(anonymous_6)
FNDA:0,(anonymous_7)
FNDA:0,(anonymous_8)
FNDA:0,(anonymous_9)
FNDA:0,(anonymous_10)
FNDA:0,(anonymous_11)
FNDA:0,(anonymous_12)
FNDA:0,(anonymous_13)
FNDA:0,(anonymous_14)
FNDA:0,(anonymous_15)
FNDA:0,(anonymous_16)
FNDA:0,(anonymous_17)
FNDA:0,(anonymous_18)
FNDA:0,(anonymous_19)
FNDA:0,(anonymous_20)
FNDA:0,(anonymous_21)
FNDA:0,(anonymous_22)
DA:3,1
DA:5,0
DA:6,0
DA:7,0
DA:8,0
DA:9,0
DA:11,0
DA:12,0
DA:13,0
DA:14,0
DA:17,0
DA:22,1
DA:24,0
DA:25,0
DA:29,0
DA:30,0
DA:31,0
DA:34,0
DA:35,0
DA:36,0
DA:39,0
DA:44,1
DA:46,0
DA:47,0
DA:51,0
DA:52,0
DA:53,0
DA:55,0
DA:56,0
DA:57,0
DA:60,0
DA:65,1
DA:67,0
DA:68,0
DA:72,0
DA:73,0
DA:74,0
DA:76,0
DA:77,0
DA:78,0
DA:81,0
DA:86,1
DA:88,0
DA:89,0
DA:93,0
DA:94,0
DA:95,0
DA:98,0
DA:99,0
DA:100,0
DA:103,0
DA:108,1
DA:117,0
DA:118,0
DA:121,0
DA:122,0
DA:123,0
DA:126,0
DA:127,0
DA:130,0
DA:131,0
DA:134,0
DA:135,0
DA:136,0
DA:139,0
DA:140,0
DA:143,0
DA:144,0
DA:147,0
DA:148,0
DA:149,0
DA:152,0
DA:153,0
DA:156,0
DA:157,0
DA:160,0
DA:161,0
DA:162,0
DA:165,0
DA:166,0
DA:169,0
DA:170,0
DA:173,0
DA:174,0
DA:175,0
DA:178,0
DA:179,0
DA:184,1
DA:185,1
DA:186,1
LF:90
LH:9
BRDA:7,0,0,0
BRDA:7,0,1,0
BRDA:29,1,0,0
BRDA:29,1,1,0
BRDA:51,2,0,0
BRDA:51,2,1,0
BRDA:72,3,0,0
BRDA:72,3,1,0
BRDA:93,4,0,0
BRDA:93,4,1,0
BRF:10
BRH:0
end_of_record
TN:
SF:src\features\Products\Products.js
FN:9,(anonymous_0)
FN:17,(anonymous_1)
FN:21,(anonymous_2)
FN:32,(anonymous_3)
FNF:4
FNH:3
FNDA:53,(anonymous_0)
FNDA:53,(anonymous_1)
FNDA:1,(anonymous_2)
FNDA:0,(anonymous_3)
DA:9,1
DA:11,53
DA:12,53
DA:13,53
DA:14,53
DA:17,53
DA:18,53
DA:21,53
DA:22,1
DA:26,53
DA:32,0
LF:11
LH:10
BRDA:18,0,0,53
BRDA:18,0,1,0
BRDA:22,1,0,0
BRDA:22,1,1,1
BRDA:29,2,0,53
BRDA:29,2,1,26
BRDA:32,3,0,53
BRDA:32,3,1,2
BRF:8
BRH:6
end_of_record
TN:
SF:src\features\Products\productsSlice.js
FN:4,(anonymous_0)
FN:21,(anonymous_1)
FN:46,(anonymous_2)
FN:50,(anonymous_3)
FN:55,(anonymous_4)
FN:59,(anonymous_5)
FN:63,(anonymous_6)
FN:68,(anonymous_7)
FN:76,(anonymous_8)
FN:77,(anonymous_9)
FN:78,(anonymous_10)
FNF:11
FNH:5
FNDA:53,(anonymous_0)
FNDA:0,(anonymous_1)
FNDA:53,(anonymous_2)
FNDA:53,(anonymous_3)
FNDA:0,(anonymous_4)
FNDA:0,(anonymous_5)
FNDA:0,(anonymous_6)
FNDA:0,(anonymous_7)
FNDA:54,(anonymous_8)
FNDA:0,(anonymous_9)
FNDA:105,(anonymous_10)
DA:3,1
DA:5,53
DA:6,53
DA:7,53
DA:8,0
DA:9,0
DA:12,0
DA:13,0
DA:16,53
DA:20,1
DA:22,0
DA:23,0
DA:24,0
DA:25,0
DA:26,0
DA:28,0
DA:29,0
DA:30,0
DA:33,0
DA:38,1
DA:47,53
DA:48,53
DA:51,53
DA:52,53
DA:53,53
DA:56,0
DA:57,0
DA:60,0
DA:61,0
DA:64,0
DA:65,0
DA:66,0
DA:69,0
DA:70,0
DA:76,54
DA:77,1
DA:78,105
LF:37
LH:15
BRDA:7,0,0,0
BRDA:7,0,1,0
BRDA:24,1,0,0
BRDA:24,1,1,0
BRF:4
BRH:0
end_of_record
TN:
SF:src\features\Products\test-utils.js
FN:12,render
FN:21,Wrapper
FNF:2
FNH:2
FNDA:1,render
FNDA:1,Wrapper
DA:22,1
DA:24,1
LF:2
LH:2
BRDA:15,0,0,1
BRDA:17,1,0,1
BRF:2
BRH:2
end_of_record
TN:
SF:src\mocks\fileMock.js
FNF:0
FNH:0
DA:4,1
LF:1
LH:1
BRF:0
BRH:0
end_of_record
TN:
SF:src\mocks\productData.js
FNF:0
FNH:0
DA:2,1
LF:1
LH:1
BRF:0
BRH:0
end_of_record
